INFO - 2023-01-13 03:20:42 --> Session: Class initialized using 'CodeIgniter\Session\Handlers\FileHandler' driver.
INFO - 2023-01-13 03:20:45 --> Session: Class initialized using 'CodeIgniter\Session\Handlers\FileHandler' driver.
INFO - 2023-01-13 03:21:08 --> Session: Class initialized using 'CodeIgniter\Session\Handlers\FileHandler' driver.
INFO - 2023-01-13 03:23:50 --> Session: Class initialized using 'CodeIgniter\Session\Handlers\FileHandler' driver.
INFO - 2023-01-13 03:23:57 --> Session: Class initialized using 'CodeIgniter\Session\Handlers\FileHandler' driver.
INFO - 2023-01-13 03:23:57 --> Session: Class initialized using 'CodeIgniter\Session\Handlers\FileHandler' driver.
INFO - 2023-01-13 03:24:36 --> Session: Class initialized using 'CodeIgniter\Session\Handlers\FileHandler' driver.
INFO - 2023-01-13 03:24:38 --> Session: Class initialized using 'CodeIgniter\Session\Handlers\FileHandler' driver.
INFO - 2023-01-13 03:24:46 --> Session: Class initialized using 'CodeIgniter\Session\Handlers\FileHandler' driver.
INFO - 2023-01-13 03:24:50 --> Session: Class initialized using 'CodeIgniter\Session\Handlers\FileHandler' driver.
INFO - 2023-01-13 03:24:50 --> Session: Class initialized using 'CodeIgniter\Session\Handlers\FileHandler' driver.
INFO - 2023-01-13 03:25:11 --> Session: Class initialized using 'CodeIgniter\Session\Handlers\FileHandler' driver.
INFO - 2023-01-13 03:25:11 --> Session: Class initialized using 'CodeIgniter\Session\Handlers\FileHandler' driver.
INFO - 2023-01-13 03:25:16 --> Session: Class initialized using 'CodeIgniter\Session\Handlers\FileHandler' driver.
INFO - 2023-01-13 03:25:16 --> Session: Class initialized using 'CodeIgniter\Session\Handlers\FileHandler' driver.
INFO - 2023-01-13 03:25:23 --> Session: Class initialized using 'CodeIgniter\Session\Handlers\FileHandler' driver.
INFO - 2023-01-13 03:25:23 --> Session: Class initialized using 'CodeIgniter\Session\Handlers\FileHandler' driver.
INFO - 2023-01-13 03:25:32 --> Session: Class initialized using 'CodeIgniter\Session\Handlers\FileHandler' driver.
INFO - 2023-01-13 03:25:34 --> Session: Class initialized using 'CodeIgniter\Session\Handlers\FileHandler' driver.
INFO - 2023-01-13 03:25:36 --> Session: Class initialized using 'CodeIgniter\Session\Handlers\FileHandler' driver.
INFO - 2023-01-13 03:25:39 --> Session: Class initialized using 'CodeIgniter\Session\Handlers\FileHandler' driver.
INFO - 2023-01-13 03:40:14 --> Session: Class initialized using 'CodeIgniter\Session\Handlers\FileHandler' driver.
INFO - 2023-01-13 03:40:41 --> Session: Class initialized using 'CodeIgniter\Session\Handlers\FileHandler' driver.
INFO - 2023-01-13 03:40:41 --> Session: Class initialized using 'CodeIgniter\Session\Handlers\FileHandler' driver.
INFO - 2023-01-13 03:50:40 --> Session: Class initialized using 'CodeIgniter\Session\Handlers\FileHandler' driver.
INFO - 2023-01-13 03:57:33 --> Session: Class initialized using 'CodeIgniter\Session\Handlers\FileHandler' driver.
INFO - 2023-01-13 03:57:59 --> Session: Class initialized using 'CodeIgniter\Session\Handlers\FileHandler' driver.
INFO - 2023-01-13 03:58:00 --> Session: Class initialized using 'CodeIgniter\Session\Handlers\FileHandler' driver.
INFO - 2023-01-13 03:58:22 --> Session: Class initialized using 'CodeIgniter\Session\Handlers\FileHandler' driver.
INFO - 2023-01-13 03:58:23 --> Session: Class initialized using 'CodeIgniter\Session\Handlers\FileHandler' driver.
INFO - 2023-01-13 03:58:38 --> Session: Class initialized using 'CodeIgniter\Session\Handlers\FileHandler' driver.
INFO - 2023-01-13 03:58:38 --> Session: Class initialized using 'CodeIgniter\Session\Handlers\FileHandler' driver.
INFO - 2023-01-13 03:58:56 --> Session: Class initialized using 'CodeIgniter\Session\Handlers\FileHandler' driver.
INFO - 2023-01-13 03:59:05 --> Session: Class initialized using 'CodeIgniter\Session\Handlers\FileHandler' driver.
INFO - 2023-01-13 03:59:05 --> Session: Class initialized using 'CodeIgniter\Session\Handlers\FileHandler' driver.
INFO - 2023-01-13 03:59:38 --> Session: Class initialized using 'CodeIgniter\Session\Handlers\FileHandler' driver.
INFO - 2023-01-13 03:59:39 --> Session: Class initialized using 'CodeIgniter\Session\Handlers\FileHandler' driver.
INFO - 2023-01-13 03:59:41 --> Session: Class initialized using 'CodeIgniter\Session\Handlers\FileHandler' driver.
INFO - 2023-01-13 03:59:42 --> Session: Class initialized using 'CodeIgniter\Session\Handlers\FileHandler' driver.
INFO - 2023-01-13 03:59:48 --> Session: Class initialized using 'CodeIgniter\Session\Handlers\FileHandler' driver.
INFO - 2023-01-13 04:00:54 --> Session: Class initialized using 'CodeIgniter\Session\Handlers\FileHandler' driver.
INFO - 2023-01-13 04:01:10 --> Session: Class initialized using 'CodeIgniter\Session\Handlers\FileHandler' driver.
INFO - 2023-01-13 04:01:29 --> Session: Class initialized using 'CodeIgniter\Session\Handlers\FileHandler' driver.
INFO - 2023-01-13 04:01:30 --> Session: Class initialized using 'CodeIgniter\Session\Handlers\FileHandler' driver.
INFO - 2023-01-13 04:01:40 --> Session: Class initialized using 'CodeIgniter\Session\Handlers\FileHandler' driver.
INFO - 2023-01-13 04:01:41 --> Session: Class initialized using 'CodeIgniter\Session\Handlers\FileHandler' driver.
INFO - 2023-01-13 04:02:25 --> Session: Class initialized using 'CodeIgniter\Session\Handlers\FileHandler' driver.
INFO - 2023-01-13 04:02:25 --> Session: Class initialized using 'CodeIgniter\Session\Handlers\FileHandler' driver.
INFO - 2023-01-13 04:03:11 --> Session: Class initialized using 'CodeIgniter\Session\Handlers\FileHandler' driver.
INFO - 2023-01-13 04:03:11 --> Session: Class initialized using 'CodeIgniter\Session\Handlers\FileHandler' driver.
INFO - 2023-01-13 04:03:13 --> Session: Class initialized using 'CodeIgniter\Session\Handlers\FileHandler' driver.
INFO - 2023-01-13 04:03:17 --> Session: Class initialized using 'CodeIgniter\Session\Handlers\FileHandler' driver.
INFO - 2023-01-13 04:03:30 --> Session: Class initialized using 'CodeIgniter\Session\Handlers\FileHandler' driver.
INFO - 2023-01-13 04:03:30 --> Session: Class initialized using 'CodeIgniter\Session\Handlers\FileHandler' driver.
INFO - 2023-01-13 04:03:49 --> Session: Class initialized using 'CodeIgniter\Session\Handlers\FileHandler' driver.
INFO - 2023-01-13 04:03:50 --> Session: Class initialized using 'CodeIgniter\Session\Handlers\FileHandler' driver.
INFO - 2023-01-13 04:03:54 --> Session: Class initialized using 'CodeIgniter\Session\Handlers\FileHandler' driver.
INFO - 2023-01-13 04:03:54 --> Session: Class initialized using 'CodeIgniter\Session\Handlers\FileHandler' driver.
INFO - 2023-01-13 04:03:58 --> Session: Class initialized using 'CodeIgniter\Session\Handlers\FileHandler' driver.
INFO - 2023-01-13 04:03:58 --> Session: Class initialized using 'CodeIgniter\Session\Handlers\FileHandler' driver.
INFO - 2023-01-13 04:05:20 --> Session: Class initialized using 'CodeIgniter\Session\Handlers\FileHandler' driver.
INFO - 2023-01-13 04:05:31 --> Session: Class initialized using 'CodeIgniter\Session\Handlers\FileHandler' driver.
INFO - 2023-01-13 04:05:31 --> Session: Class initialized using 'CodeIgniter\Session\Handlers\FileHandler' driver.
INFO - 2023-01-13 04:06:38 --> Session: Class initialized using 'CodeIgniter\Session\Handlers\FileHandler' driver.
INFO - 2023-01-13 04:07:26 --> Session: Class initialized using 'CodeIgniter\Session\Handlers\FileHandler' driver.
INFO - 2023-01-13 04:07:32 --> Session: Class initialized using 'CodeIgniter\Session\Handlers\FileHandler' driver.
INFO - 2023-01-13 04:11:04 --> Session: Class initialized using 'CodeIgniter\Session\Handlers\FileHandler' driver.
INFO - 2023-01-13 04:11:16 --> Session: Class initialized using 'CodeIgniter\Session\Handlers\FileHandler' driver.
INFO - 2023-01-13 04:12:04 --> Session: Class initialized using 'CodeIgniter\Session\Handlers\FileHandler' driver.
INFO - 2023-01-13 04:12:10 --> Session: Class initialized using 'CodeIgniter\Session\Handlers\FileHandler' driver.
INFO - 2023-01-13 04:12:20 --> Session: Class initialized using 'CodeIgniter\Session\Handlers\FileHandler' driver.
INFO - 2023-01-13 04:12:36 --> Session: Class initialized using 'CodeIgniter\Session\Handlers\FileHandler' driver.
INFO - 2023-01-13 04:13:01 --> Session: Class initialized using 'CodeIgniter\Session\Handlers\FileHandler' driver.
INFO - 2023-01-13 04:13:06 --> Session: Class initialized using 'CodeIgniter\Session\Handlers\FileHandler' driver.
INFO - 2023-01-13 13:12:59 --> Session: Class initialized using 'CodeIgniter\Session\Handlers\FileHandler' driver.
CRITICAL - 2023-01-13 16:34:41 --> Call to undefined method App\Models\LibroModel::buscar
in SYSTEMPATH\Model.php on line 840.
 1 APPPATH\Controllers\Libros.php(121): CodeIgniter\Model->__call('buscar', [...])
 2 SYSTEMPATH\CodeIgniter.php(934): App\Controllers\Libros->buscar()
 3 SYSTEMPATH\CodeIgniter.php(499): CodeIgniter\CodeIgniter->runController(Object(App\Controllers\Libros))
 4 SYSTEMPATH\CodeIgniter.php(368): CodeIgniter\CodeIgniter->handleRequest(null, Object(Config\Cache), false)
 5 FCPATH\index.php(67): CodeIgniter\CodeIgniter->run()
 6 SYSTEMPATH\Commands\Server\rewrite.php(47): require_once('FCPATH\\index.php')
CRITICAL - 2023-01-13 16:35:00 --> Call to undefined method App\Models\LibroModel::buscar
in SYSTEMPATH\Model.php on line 840.
 1 APPPATH\Controllers\Libros.php(121): CodeIgniter\Model->__call('buscar', [...])
 2 SYSTEMPATH\CodeIgniter.php(934): App\Controllers\Libros->buscar()
 3 SYSTEMPATH\CodeIgniter.php(499): CodeIgniter\CodeIgniter->runController(Object(App\Controllers\Libros))
 4 SYSTEMPATH\CodeIgniter.php(368): CodeIgniter\CodeIgniter->handleRequest(null, Object(Config\Cache), false)
 5 FCPATH\index.php(67): CodeIgniter\CodeIgniter->run()
 6 SYSTEMPATH\Commands\Server\rewrite.php(47): require_once('FCPATH\\index.php')
CRITICAL - 2023-01-13 16:35:03 --> Call to undefined method App\Models\LibroModel::buscar
in SYSTEMPATH\Model.php on line 840.
 1 APPPATH\Controllers\Libros.php(121): CodeIgniter\Model->__call('buscar', [...])
 2 SYSTEMPATH\CodeIgniter.php(934): App\Controllers\Libros->buscar()
 3 SYSTEMPATH\CodeIgniter.php(499): CodeIgniter\CodeIgniter->runController(Object(App\Controllers\Libros))
 4 SYSTEMPATH\CodeIgniter.php(368): CodeIgniter\CodeIgniter->handleRequest(null, Object(Config\Cache), false)
 5 FCPATH\index.php(67): CodeIgniter\CodeIgniter->run()
 6 SYSTEMPATH\Commands\Server\rewrite.php(47): require_once('FCPATH\\index.php')
WARNING - 2023-01-13 16:35:06 --> [DEPRECATED] trim(): Passing null to parameter #1 ($string) of type string is deprecated in APPPATH\Controllers\Libros.php on line 121.
 1 APPPATH\Controllers\Libros.php(121): trim(null)
 2 SYSTEMPATH\CodeIgniter.php(934): App\Controllers\Libros->buscar()
 3 SYSTEMPATH\CodeIgniter.php(499): CodeIgniter\CodeIgniter->runController(Object(App\Controllers\Libros))
 4 SYSTEMPATH\CodeIgniter.php(368): CodeIgniter\CodeIgniter->handleRequest(null, Object(Config\Cache), false)
 5 FCPATH\index.php(67): CodeIgniter\CodeIgniter->run()
 6 SYSTEMPATH\Commands\Server\rewrite.php(47): require_once('FCPATH\\index.php')
CRITICAL - 2023-01-13 16:35:06 --> Call to undefined method App\Models\LibroModel::buscar
in SYSTEMPATH\Model.php on line 840.
 1 APPPATH\Controllers\Libros.php(121): CodeIgniter\Model->__call('buscar', [...])
 2 SYSTEMPATH\CodeIgniter.php(934): App\Controllers\Libros->buscar()
 3 SYSTEMPATH\CodeIgniter.php(499): CodeIgniter\CodeIgniter->runController(Object(App\Controllers\Libros))
 4 SYSTEMPATH\CodeIgniter.php(368): CodeIgniter\CodeIgniter->handleRequest(null, Object(Config\Cache), false)
 5 FCPATH\index.php(67): CodeIgniter\CodeIgniter->run()
 6 SYSTEMPATH\Commands\Server\rewrite.php(47): require_once('FCPATH\\index.php')
WARNING - 2023-01-13 16:35:38 --> [DEPRECATED] trim(): Passing null to parameter #1 ($string) of type string is deprecated in APPPATH\Controllers\Libros.php on line 121.
 1 APPPATH\Controllers\Libros.php(121): trim(null)
 2 SYSTEMPATH\CodeIgniter.php(934): App\Controllers\Libros->buscar()
 3 SYSTEMPATH\CodeIgniter.php(499): CodeIgniter\CodeIgniter->runController(Object(App\Controllers\Libros))
 4 SYSTEMPATH\CodeIgniter.php(368): CodeIgniter\CodeIgniter->handleRequest(null, Object(Config\Cache), false)
 5 FCPATH\index.php(67): CodeIgniter\CodeIgniter->run()
 6 SYSTEMPATH\Commands\Server\rewrite.php(47): require_once('FCPATH\\index.php')
CRITICAL - 2023-01-13 16:35:38 --> Call to undefined method App\Models\LibroModel::buscar
in SYSTEMPATH\Model.php on line 840.
 1 APPPATH\Controllers\Libros.php(121): CodeIgniter\Model->__call('buscar', [...])
 2 SYSTEMPATH\CodeIgniter.php(934): App\Controllers\Libros->buscar()
 3 SYSTEMPATH\CodeIgniter.php(499): CodeIgniter\CodeIgniter->runController(Object(App\Controllers\Libros))
 4 SYSTEMPATH\CodeIgniter.php(368): CodeIgniter\CodeIgniter->handleRequest(null, Object(Config\Cache), false)
 5 FCPATH\index.php(67): CodeIgniter\CodeIgniter->run()
 6 SYSTEMPATH\Commands\Server\rewrite.php(47): require_once('FCPATH\\index.php')
CRITICAL - 2023-01-13 16:36:19 --> view(): Argument #2 ($data) must be of type array, null given, called in C:\xampp\htdocs\codeigniter4\app\Controllers\Libros.php on line 124
in SYSTEMPATH\Common.php on line 1163.
 1 APPPATH\Controllers\Libros.php(124): view('libros/buscar', null)
 2 SYSTEMPATH\CodeIgniter.php(934): App\Controllers\Libros->buscar()
 3 SYSTEMPATH\CodeIgniter.php(499): CodeIgniter\CodeIgniter->runController(Object(App\Controllers\Libros))
 4 SYSTEMPATH\CodeIgniter.php(368): CodeIgniter\CodeIgniter->handleRequest(null, Object(Config\Cache), false)
 5 FCPATH\index.php(67): CodeIgniter\CodeIgniter->run()
 6 SYSTEMPATH\Commands\Server\rewrite.php(47): require_once('FCPATH\\index.php')
CRITICAL - 2023-01-13 16:38:01 --> view(): Argument #2 ($data) must be of type array, null given, called in C:\xampp\htdocs\codeigniter4\app\Controllers\Libros.php on line 124
in SYSTEMPATH\Common.php on line 1163.
 1 APPPATH\Controllers\Libros.php(124): view('libros/buscar', null)
 2 SYSTEMPATH\CodeIgniter.php(934): App\Controllers\Libros->buscar()
 3 SYSTEMPATH\CodeIgniter.php(499): CodeIgniter\CodeIgniter->runController(Object(App\Controllers\Libros))
 4 SYSTEMPATH\CodeIgniter.php(368): CodeIgniter\CodeIgniter->handleRequest(null, Object(Config\Cache), false)
 5 FCPATH\index.php(67): CodeIgniter\CodeIgniter->run()
 6 SYSTEMPATH\Commands\Server\rewrite.php(47): require_once('FCPATH\\index.php')
CRITICAL - 2023-01-13 16:38:04 --> view(): Argument #2 ($data) must be of type array, null given, called in C:\xampp\htdocs\codeigniter4\app\Controllers\Libros.php on line 124
in SYSTEMPATH\Common.php on line 1163.
 1 APPPATH\Controllers\Libros.php(124): view('libros/buscar', null)
 2 SYSTEMPATH\CodeIgniter.php(934): App\Controllers\Libros->buscar()
 3 SYSTEMPATH\CodeIgniter.php(499): CodeIgniter\CodeIgniter->runController(Object(App\Controllers\Libros))
 4 SYSTEMPATH\CodeIgniter.php(368): CodeIgniter\CodeIgniter->handleRequest(null, Object(Config\Cache), false)
 5 FCPATH\index.php(67): CodeIgniter\CodeIgniter->run()
 6 SYSTEMPATH\Commands\Server\rewrite.php(47): require_once('FCPATH\\index.php')
CRITICAL - 2023-01-13 16:38:14 --> view(): Argument #2 ($data) must be of type array, null given, called in C:\xampp\htdocs\codeigniter4\app\Controllers\Libros.php on line 124
in SYSTEMPATH\Common.php on line 1163.
 1 APPPATH\Controllers\Libros.php(124): view('libros/buscar', null)
 2 SYSTEMPATH\CodeIgniter.php(934): App\Controllers\Libros->buscar()
 3 SYSTEMPATH\CodeIgniter.php(499): CodeIgniter\CodeIgniter->runController(Object(App\Controllers\Libros))
 4 SYSTEMPATH\CodeIgniter.php(368): CodeIgniter\CodeIgniter->handleRequest(null, Object(Config\Cache), false)
 5 FCPATH\index.php(67): CodeIgniter\CodeIgniter->run()
 6 SYSTEMPATH\Commands\Server\rewrite.php(47): require_once('FCPATH\\index.php')
CRITICAL - 2023-01-13 16:38:37 --> view(): Argument #2 ($data) must be of type array, null given, called in C:\xampp\htdocs\codeigniter4\app\Controllers\Libros.php on line 124
in SYSTEMPATH\Common.php on line 1163.
 1 APPPATH\Controllers\Libros.php(124): view('libros/buscar', null)
 2 SYSTEMPATH\CodeIgniter.php(934): App\Controllers\Libros->buscar()
 3 SYSTEMPATH\CodeIgniter.php(499): CodeIgniter\CodeIgniter->runController(Object(App\Controllers\Libros))
 4 SYSTEMPATH\CodeIgniter.php(368): CodeIgniter\CodeIgniter->handleRequest(null, Object(Config\Cache), false)
 5 FCPATH\index.php(67): CodeIgniter\CodeIgniter->run()
 6 SYSTEMPATH\Commands\Server\rewrite.php(47): require_once('FCPATH\\index.php')
CRITICAL - 2023-01-13 16:39:10 --> Undefined variable $cabecera
in APPPATH\Views\libros\buscar.php on line 1.
 1 APPPATH\Views\libros\buscar.php(1): CodeIgniter\Debug\Exceptions->errorHandler(2, 'Undefined variable $cabecera', 'APPPATH\\Views\\libros\\buscar.php', 1)
 2 SYSTEMPATH\View\View.php(213): include('APPPATH\\Views\\libros\\buscar.php')
 3 SYSTEMPATH\View\View.php(216): CodeIgniter\View\View->CodeIgniter\View\{closure}()
 4 SYSTEMPATH\Common.php(1177): CodeIgniter\View\View->render('libros/buscar', [], true)
 5 APPPATH\Controllers\Libros.php(124): view('libros/buscar')
 6 SYSTEMPATH\CodeIgniter.php(934): App\Controllers\Libros->buscar()
 7 SYSTEMPATH\CodeIgniter.php(499): CodeIgniter\CodeIgniter->runController(Object(App\Controllers\Libros))
 8 SYSTEMPATH\CodeIgniter.php(368): CodeIgniter\CodeIgniter->handleRequest(null, Object(Config\Cache), false)
 9 FCPATH\index.php(67): CodeIgniter\CodeIgniter->run()
10 SYSTEMPATH\Commands\Server\rewrite.php(47): require_once('FCPATH\\index.php')
CRITICAL - 2023-01-13 16:51:10 --> Undefined variable $data
in APPPATH\Views\libros\buscar.php on line 22.
 1 APPPATH\Views\libros\buscar.php(22): CodeIgniter\Debug\Exceptions->errorHandler(2, 'Undefined variable $data', 'APPPATH\\Views\\libros\\buscar.php', 22)
 2 SYSTEMPATH\View\View.php(213): include('APPPATH\\Views\\libros\\buscar.php')
 3 SYSTEMPATH\View\View.php(216): CodeIgniter\View\View->CodeIgniter\View\{closure}()
 4 SYSTEMPATH\Common.php(1177): CodeIgniter\View\View->render('libros/buscar', [...], true)
 5 APPPATH\Controllers\Libros.php(125): view('libros/buscar', [...], [...])
 6 SYSTEMPATH\CodeIgniter.php(934): App\Controllers\Libros->buscar()
 7 SYSTEMPATH\CodeIgniter.php(499): CodeIgniter\CodeIgniter->runController(Object(App\Controllers\Libros))
 8 SYSTEMPATH\CodeIgniter.php(368): CodeIgniter\CodeIgniter->handleRequest(null, Object(Config\Cache), false)
 9 FCPATH\index.php(67): CodeIgniter\CodeIgniter->run()
10 SYSTEMPATH\Commands\Server\rewrite.php(47): require_once('FCPATH\\index.php')
CRITICAL - 2023-01-13 16:51:53 --> Undefined variable $data
in APPPATH\Views\libros\buscar.php on line 22.
 1 APPPATH\Views\libros\buscar.php(22): CodeIgniter\Debug\Exceptions->errorHandler(2, 'Undefined variable $data', 'APPPATH\\Views\\libros\\buscar.php', 22)
 2 SYSTEMPATH\View\View.php(213): include('APPPATH\\Views\\libros\\buscar.php')
 3 SYSTEMPATH\View\View.php(216): CodeIgniter\View\View->CodeIgniter\View\{closure}()
 4 SYSTEMPATH\Common.php(1177): CodeIgniter\View\View->render('libros/buscar', [...], true)
 5 APPPATH\Controllers\Libros.php(125): view('libros/buscar', [...], [...])
 6 SYSTEMPATH\CodeIgniter.php(934): App\Controllers\Libros->buscar()
 7 SYSTEMPATH\CodeIgniter.php(499): CodeIgniter\CodeIgniter->runController(Object(App\Controllers\Libros))
 8 SYSTEMPATH\CodeIgniter.php(368): CodeIgniter\CodeIgniter->handleRequest(null, Object(Config\Cache), false)
 9 FCPATH\index.php(67): CodeIgniter\CodeIgniter->run()
10 SYSTEMPATH\Commands\Server\rewrite.php(47): require_once('FCPATH\\index.php')
CRITICAL - 2023-01-13 16:52:01 --> Undefined variable $data
in APPPATH\Views\libros\buscar.php on line 22.
 1 APPPATH\Views\libros\buscar.php(22): CodeIgniter\Debug\Exceptions->errorHandler(2, 'Undefined variable $data', 'APPPATH\\Views\\libros\\buscar.php', 22)
 2 SYSTEMPATH\View\View.php(213): include('APPPATH\\Views\\libros\\buscar.php')
 3 SYSTEMPATH\View\View.php(216): CodeIgniter\View\View->CodeIgniter\View\{closure}()
 4 SYSTEMPATH\Common.php(1177): CodeIgniter\View\View->render('libros/buscar', [...], true)
 5 APPPATH\Controllers\Libros.php(125): view('libros/buscar', [...], [...])
 6 SYSTEMPATH\CodeIgniter.php(934): App\Controllers\Libros->buscar()
 7 SYSTEMPATH\CodeIgniter.php(499): CodeIgniter\CodeIgniter->runController(Object(App\Controllers\Libros))
 8 SYSTEMPATH\CodeIgniter.php(368): CodeIgniter\CodeIgniter->handleRequest(null, Object(Config\Cache), false)
 9 FCPATH\index.php(67): CodeIgniter\CodeIgniter->run()
10 SYSTEMPATH\Commands\Server\rewrite.php(47): require_once('FCPATH\\index.php')
CRITICAL - 2023-01-13 16:52:08 --> Undefined variable $data
in APPPATH\Views\libros\buscar.php on line 22.
 1 APPPATH\Views\libros\buscar.php(22): CodeIgniter\Debug\Exceptions->errorHandler(2, 'Undefined variable $data', 'APPPATH\\Views\\libros\\buscar.php', 22)
 2 SYSTEMPATH\View\View.php(213): include('APPPATH\\Views\\libros\\buscar.php')
 3 SYSTEMPATH\View\View.php(216): CodeIgniter\View\View->CodeIgniter\View\{closure}()
 4 SYSTEMPATH\Common.php(1177): CodeIgniter\View\View->render('libros/buscar', [...], true)
 5 APPPATH\Controllers\Libros.php(125): view('libros/buscar', [...], [...])
 6 SYSTEMPATH\CodeIgniter.php(934): App\Controllers\Libros->buscar()
 7 SYSTEMPATH\CodeIgniter.php(499): CodeIgniter\CodeIgniter->runController(Object(App\Controllers\Libros))
 8 SYSTEMPATH\CodeIgniter.php(368): CodeIgniter\CodeIgniter->handleRequest(null, Object(Config\Cache), false)
 9 FCPATH\index.php(67): CodeIgniter\CodeIgniter->run()
10 SYSTEMPATH\Commands\Server\rewrite.php(47): require_once('FCPATH\\index.php')
CRITICAL - 2023-01-13 16:52:14 --> Undefined variable $data
in APPPATH\Views\libros\buscar.php on line 22.
 1 APPPATH\Views\libros\buscar.php(22): CodeIgniter\Debug\Exceptions->errorHandler(2, 'Undefined variable $data', 'APPPATH\\Views\\libros\\buscar.php', 22)
 2 SYSTEMPATH\View\View.php(213): include('APPPATH\\Views\\libros\\buscar.php')
 3 SYSTEMPATH\View\View.php(216): CodeIgniter\View\View->CodeIgniter\View\{closure}()
 4 SYSTEMPATH\Common.php(1177): CodeIgniter\View\View->render('libros/buscar', [...], true)
 5 APPPATH\Controllers\Libros.php(125): view('libros/buscar', [...], [...])
 6 SYSTEMPATH\CodeIgniter.php(934): App\Controllers\Libros->buscar()
 7 SYSTEMPATH\CodeIgniter.php(499): CodeIgniter\CodeIgniter->runController(Object(App\Controllers\Libros))
 8 SYSTEMPATH\CodeIgniter.php(368): CodeIgniter\CodeIgniter->handleRequest(null, Object(Config\Cache), false)
 9 FCPATH\index.php(67): CodeIgniter\CodeIgniter->run()
10 SYSTEMPATH\Commands\Server\rewrite.php(47): require_once('FCPATH\\index.php')
CRITICAL - 2023-01-13 17:01:01 --> Undefined variable $cabecera
in APPPATH\Views\libros\buscar.php on line 1.
 1 APPPATH\Views\libros\buscar.php(1): CodeIgniter\Debug\Exceptions->errorHandler(2, 'Undefined variable $cabecera', 'APPPATH\\Views\\libros\\buscar.php', 1)
 2 SYSTEMPATH\View\View.php(213): include('APPPATH\\Views\\libros\\buscar.php')
 3 SYSTEMPATH\View\View.php(216): CodeIgniter\View\View->CodeIgniter\View\{closure}()
 4 SYSTEMPATH\Common.php(1177): CodeIgniter\View\View->render('libros/buscar', [], true)
 5 APPPATH\Controllers\Libros.php(127): view('libros/buscar')
 6 SYSTEMPATH\CodeIgniter.php(934): App\Controllers\Libros->buscar()
 7 SYSTEMPATH\CodeIgniter.php(499): CodeIgniter\CodeIgniter->runController(Object(App\Controllers\Libros))
 8 SYSTEMPATH\CodeIgniter.php(368): CodeIgniter\CodeIgniter->handleRequest(null, Object(Config\Cache), false)
 9 FCPATH\index.php(67): CodeIgniter\CodeIgniter->run()
10 SYSTEMPATH\Commands\Server\rewrite.php(47): require_once('FCPATH\\index.php')
CRITICAL - 2023-01-13 17:01:43 --> Undefined variable $data
in APPPATH\Views\libros\buscar.php on line 22.
 1 APPPATH\Views\libros\buscar.php(22): CodeIgniter\Debug\Exceptions->errorHandler(2, 'Undefined variable $data', 'APPPATH\\Views\\libros\\buscar.php', 22)
 2 SYSTEMPATH\View\View.php(213): include('APPPATH\\Views\\libros\\buscar.php')
 3 SYSTEMPATH\View\View.php(216): CodeIgniter\View\View->CodeIgniter\View\{closure}()
 4 SYSTEMPATH\Common.php(1177): CodeIgniter\View\View->render('libros/buscar', [], true)
 5 APPPATH\Controllers\Libros.php(127): view('libros/buscar', [...])
 6 SYSTEMPATH\CodeIgniter.php(934): App\Controllers\Libros->buscar()
 7 SYSTEMPATH\CodeIgniter.php(499): CodeIgniter\CodeIgniter->runController(Object(App\Controllers\Libros))
 8 SYSTEMPATH\CodeIgniter.php(368): CodeIgniter\CodeIgniter->handleRequest(null, Object(Config\Cache), false)
 9 FCPATH\index.php(67): CodeIgniter\CodeIgniter->run()
10 SYSTEMPATH\Commands\Server\rewrite.php(47): require_once('FCPATH\\index.php')
CRITICAL - 2023-01-13 17:01:47 --> Undefined variable $data
in APPPATH\Views\libros\buscar.php on line 22.
 1 APPPATH\Views\libros\buscar.php(22): CodeIgniter\Debug\Exceptions->errorHandler(2, 'Undefined variable $data', 'APPPATH\\Views\\libros\\buscar.php', 22)
 2 SYSTEMPATH\View\View.php(213): include('APPPATH\\Views\\libros\\buscar.php')
 3 SYSTEMPATH\View\View.php(216): CodeIgniter\View\View->CodeIgniter\View\{closure}()
 4 SYSTEMPATH\Common.php(1177): CodeIgniter\View\View->render('libros/buscar', [], true)
 5 APPPATH\Controllers\Libros.php(127): view('libros/buscar', [...])
 6 SYSTEMPATH\CodeIgniter.php(934): App\Controllers\Libros->buscar()
 7 SYSTEMPATH\CodeIgniter.php(499): CodeIgniter\CodeIgniter->runController(Object(App\Controllers\Libros))
 8 SYSTEMPATH\CodeIgniter.php(368): CodeIgniter\CodeIgniter->handleRequest(null, Object(Config\Cache), false)
 9 FCPATH\index.php(67): CodeIgniter\CodeIgniter->run()
10 SYSTEMPATH\Commands\Server\rewrite.php(47): require_once('FCPATH\\index.php')
CRITICAL - 2023-01-13 17:03:05 --> Undefined variable $data
in APPPATH\Views\libros\buscar.php on line 22.
 1 APPPATH\Views\libros\buscar.php(22): CodeIgniter\Debug\Exceptions->errorHandler(2, 'Undefined variable $data', 'APPPATH\\Views\\libros\\buscar.php', 22)
 2 SYSTEMPATH\View\View.php(213): include('APPPATH\\Views\\libros\\buscar.php')
 3 SYSTEMPATH\View\View.php(216): CodeIgniter\View\View->CodeIgniter\View\{closure}()
 4 SYSTEMPATH\Common.php(1177): CodeIgniter\View\View->render('libros/buscar', [], true)
 5 APPPATH\Controllers\Libros.php(127): view('libros/buscar', [...])
 6 SYSTEMPATH\CodeIgniter.php(934): App\Controllers\Libros->buscar()
 7 SYSTEMPATH\CodeIgniter.php(499): CodeIgniter\CodeIgniter->runController(Object(App\Controllers\Libros))
 8 SYSTEMPATH\CodeIgniter.php(368): CodeIgniter\CodeIgniter->handleRequest(null, Object(Config\Cache), false)
 9 FCPATH\index.php(67): CodeIgniter\CodeIgniter->run()
10 SYSTEMPATH\Commands\Server\rewrite.php(47): require_once('FCPATH\\index.php')
CRITICAL - 2023-01-13 17:04:03 --> foreach() argument must be of type array|object, null given
in APPPATH\Views\libros\buscar.php on line 22.
 1 APPPATH\Views\libros\buscar.php(22): CodeIgniter\Debug\Exceptions->errorHandler(2, 'foreach() argument must be of type array|object, null given', 'APPPATH\\Views\\libros\\buscar.php', 22)
 2 SYSTEMPATH\View\View.php(213): include('APPPATH\\Views\\libros\\buscar.php')
 3 SYSTEMPATH\View\View.php(216): CodeIgniter\View\View->CodeIgniter\View\{closure}()
 4 SYSTEMPATH\Common.php(1177): CodeIgniter\View\View->render('libros/buscar', [], true)
 5 APPPATH\Controllers\Libros.php(127): view('libros/buscar', [...])
 6 SYSTEMPATH\CodeIgniter.php(934): App\Controllers\Libros->buscar()
 7 SYSTEMPATH\CodeIgniter.php(499): CodeIgniter\CodeIgniter->runController(Object(App\Controllers\Libros))
 8 SYSTEMPATH\CodeIgniter.php(368): CodeIgniter\CodeIgniter->handleRequest(null, Object(Config\Cache), false)
 9 FCPATH\index.php(67): CodeIgniter\CodeIgniter->run()
10 SYSTEMPATH\Commands\Server\rewrite.php(47): require_once('FCPATH\\index.php')
CRITICAL - 2023-01-13 17:04:12 --> foreach() argument must be of type array|object, null given
in APPPATH\Views\libros\buscar.php on line 22.
 1 APPPATH\Views\libros\buscar.php(22): CodeIgniter\Debug\Exceptions->errorHandler(2, 'foreach() argument must be of type array|object, null given', 'APPPATH\\Views\\libros\\buscar.php', 22)
 2 SYSTEMPATH\View\View.php(213): include('APPPATH\\Views\\libros\\buscar.php')
 3 SYSTEMPATH\View\View.php(216): CodeIgniter\View\View->CodeIgniter\View\{closure}()
 4 SYSTEMPATH\Common.php(1177): CodeIgniter\View\View->render('libros/buscar', [], true)
 5 APPPATH\Controllers\Libros.php(127): view('libros/buscar', [...])
 6 SYSTEMPATH\CodeIgniter.php(934): App\Controllers\Libros->buscar()
 7 SYSTEMPATH\CodeIgniter.php(499): CodeIgniter\CodeIgniter->runController(Object(App\Controllers\Libros))
 8 SYSTEMPATH\CodeIgniter.php(368): CodeIgniter\CodeIgniter->handleRequest(null, Object(Config\Cache), false)
 9 FCPATH\index.php(67): CodeIgniter\CodeIgniter->run()
10 SYSTEMPATH\Commands\Server\rewrite.php(47): require_once('FCPATH\\index.php')
CRITICAL - 2023-01-13 17:04:27 --> foreach() argument must be of type array|object, null given
in APPPATH\Views\libros\buscar.php on line 22.
 1 APPPATH\Views\libros\buscar.php(22): CodeIgniter\Debug\Exceptions->errorHandler(2, 'foreach() argument must be of type array|object, null given', 'APPPATH\\Views\\libros\\buscar.php', 22)
 2 SYSTEMPATH\View\View.php(213): include('APPPATH\\Views\\libros\\buscar.php')
 3 SYSTEMPATH\View\View.php(216): CodeIgniter\View\View->CodeIgniter\View\{closure}()
 4 SYSTEMPATH\Common.php(1177): CodeIgniter\View\View->render('libros/buscar', [], true)
 5 APPPATH\Controllers\Libros.php(127): view('libros/buscar', [...])
 6 SYSTEMPATH\CodeIgniter.php(934): App\Controllers\Libros->buscar()
 7 SYSTEMPATH\CodeIgniter.php(499): CodeIgniter\CodeIgniter->runController(Object(App\Controllers\Libros))
 8 SYSTEMPATH\CodeIgniter.php(368): CodeIgniter\CodeIgniter->handleRequest(null, Object(Config\Cache), false)
 9 FCPATH\index.php(67): CodeIgniter\CodeIgniter->run()
10 SYSTEMPATH\Commands\Server\rewrite.php(47): require_once('FCPATH\\index.php')
CRITICAL - 2023-01-13 17:07:34 --> foreach() argument must be of type array|object, null given
in APPPATH\Views\libros\buscar.php on line 22.
 1 APPPATH\Views\libros\buscar.php(22): CodeIgniter\Debug\Exceptions->errorHandler(2, 'foreach() argument must be of type array|object, null given', 'APPPATH\\Views\\libros\\buscar.php', 22)
 2 SYSTEMPATH\View\View.php(213): include('APPPATH\\Views\\libros\\buscar.php')
 3 SYSTEMPATH\View\View.php(216): CodeIgniter\View\View->CodeIgniter\View\{closure}()
 4 SYSTEMPATH\Common.php(1177): CodeIgniter\View\View->render('libros/buscar', [], true)
 5 APPPATH\Controllers\Libros.php(125): view('libros/buscar', [...])
 6 SYSTEMPATH\CodeIgniter.php(934): App\Controllers\Libros->buscar()
 7 SYSTEMPATH\CodeIgniter.php(499): CodeIgniter\CodeIgniter->runController(Object(App\Controllers\Libros))
 8 SYSTEMPATH\CodeIgniter.php(368): CodeIgniter\CodeIgniter->handleRequest(null, Object(Config\Cache), false)
 9 FCPATH\index.php(67): CodeIgniter\CodeIgniter->run()
10 SYSTEMPATH\Commands\Server\rewrite.php(47): require_once('FCPATH\\index.php')
CRITICAL - 2023-01-13 17:08:17 --> foreach() argument must be of type array|object, null given
in APPPATH\Views\libros\buscar.php on line 22.
 1 APPPATH\Views\libros\buscar.php(22): CodeIgniter\Debug\Exceptions->errorHandler(2, 'foreach() argument must be of type array|object, null given', 'APPPATH\\Views\\libros\\buscar.php', 22)
 2 SYSTEMPATH\View\View.php(213): include('APPPATH\\Views\\libros\\buscar.php')
 3 SYSTEMPATH\View\View.php(216): CodeIgniter\View\View->CodeIgniter\View\{closure}()
 4 SYSTEMPATH\Common.php(1177): CodeIgniter\View\View->render('libros/buscar', [], true)
 5 APPPATH\Controllers\Libros.php(125): view('libros/buscar', [...])
 6 SYSTEMPATH\CodeIgniter.php(934): App\Controllers\Libros->buscar()
 7 SYSTEMPATH\CodeIgniter.php(499): CodeIgniter\CodeIgniter->runController(Object(App\Controllers\Libros))
 8 SYSTEMPATH\CodeIgniter.php(368): CodeIgniter\CodeIgniter->handleRequest(null, Object(Config\Cache), false)
 9 FCPATH\index.php(67): CodeIgniter\CodeIgniter->run()
10 SYSTEMPATH\Commands\Server\rewrite.php(47): require_once('FCPATH\\index.php')
CRITICAL - 2023-01-13 17:12:09 --> foreach() argument must be of type array|object, null given
in APPPATH\Views\libros\buscar.php on line 22.
 1 APPPATH\Views\libros\buscar.php(22): CodeIgniter\Debug\Exceptions->errorHandler(2, 'foreach() argument must be of type array|object, null given', 'APPPATH\\Views\\libros\\buscar.php', 22)
 2 SYSTEMPATH\View\View.php(213): include('APPPATH\\Views\\libros\\buscar.php')
 3 SYSTEMPATH\View\View.php(216): CodeIgniter\View\View->CodeIgniter\View\{closure}()
 4 SYSTEMPATH\Common.php(1177): CodeIgniter\View\View->render('libros/buscar', [], true)
 5 APPPATH\Controllers\Libros.php(125): view('libros/buscar', [...])
 6 SYSTEMPATH\CodeIgniter.php(934): App\Controllers\Libros->buscar()
 7 SYSTEMPATH\CodeIgniter.php(499): CodeIgniter\CodeIgniter->runController(Object(App\Controllers\Libros))
 8 SYSTEMPATH\CodeIgniter.php(368): CodeIgniter\CodeIgniter->handleRequest(null, Object(Config\Cache), false)
 9 FCPATH\index.php(67): CodeIgniter\CodeIgniter->run()
10 SYSTEMPATH\Commands\Server\rewrite.php(47): require_once('FCPATH\\index.php')
CRITICAL - 2023-01-13 17:12:12 --> foreach() argument must be of type array|object, null given
in APPPATH\Views\libros\buscar.php on line 22.
 1 APPPATH\Views\libros\buscar.php(22): CodeIgniter\Debug\Exceptions->errorHandler(2, 'foreach() argument must be of type array|object, null given', 'APPPATH\\Views\\libros\\buscar.php', 22)
 2 SYSTEMPATH\View\View.php(213): include('APPPATH\\Views\\libros\\buscar.php')
 3 SYSTEMPATH\View\View.php(216): CodeIgniter\View\View->CodeIgniter\View\{closure}()
 4 SYSTEMPATH\Common.php(1177): CodeIgniter\View\View->render('libros/buscar', [], true)
 5 APPPATH\Controllers\Libros.php(125): view('libros/buscar', [...])
 6 SYSTEMPATH\CodeIgniter.php(934): App\Controllers\Libros->buscar()
 7 SYSTEMPATH\CodeIgniter.php(499): CodeIgniter\CodeIgniter->runController(Object(App\Controllers\Libros))
 8 SYSTEMPATH\CodeIgniter.php(368): CodeIgniter\CodeIgniter->handleRequest(null, Object(Config\Cache), false)
 9 FCPATH\index.php(67): CodeIgniter\CodeIgniter->run()
10 SYSTEMPATH\Commands\Server\rewrite.php(47): require_once('FCPATH\\index.php')
CRITICAL - 2023-01-13 17:12:18 --> foreach() argument must be of type array|object, null given
in APPPATH\Views\libros\buscar.php on line 22.
 1 APPPATH\Views\libros\buscar.php(22): CodeIgniter\Debug\Exceptions->errorHandler(2, 'foreach() argument must be of type array|object, null given', 'APPPATH\\Views\\libros\\buscar.php', 22)
 2 SYSTEMPATH\View\View.php(213): include('APPPATH\\Views\\libros\\buscar.php')
 3 SYSTEMPATH\View\View.php(216): CodeIgniter\View\View->CodeIgniter\View\{closure}()
 4 SYSTEMPATH\Common.php(1177): CodeIgniter\View\View->render('libros/buscar', [], true)
 5 APPPATH\Controllers\Libros.php(125): view('libros/buscar', [...])
 6 SYSTEMPATH\CodeIgniter.php(934): App\Controllers\Libros->buscar()
 7 SYSTEMPATH\CodeIgniter.php(499): CodeIgniter\CodeIgniter->runController(Object(App\Controllers\Libros))
 8 SYSTEMPATH\CodeIgniter.php(368): CodeIgniter\CodeIgniter->handleRequest(null, Object(Config\Cache), false)
 9 FCPATH\index.php(67): CodeIgniter\CodeIgniter->run()
10 SYSTEMPATH\Commands\Server\rewrite.php(47): require_once('FCPATH\\index.php')
CRITICAL - 2023-01-13 17:14:28 --> foreach() argument must be of type array|object, null given
in APPPATH\Views\libros\buscar.php on line 22.
 1 APPPATH\Views\libros\buscar.php(22): CodeIgniter\Debug\Exceptions->errorHandler(2, 'foreach() argument must be of type array|object, null given', 'APPPATH\\Views\\libros\\buscar.php', 22)
 2 SYSTEMPATH\View\View.php(213): include('APPPATH\\Views\\libros\\buscar.php')
 3 SYSTEMPATH\View\View.php(216): CodeIgniter\View\View->CodeIgniter\View\{closure}()
 4 SYSTEMPATH\Common.php(1177): CodeIgniter\View\View->render('libros/buscar', [], true)
 5 APPPATH\Controllers\Libros.php(125): view('libros/buscar', [...])
 6 SYSTEMPATH\CodeIgniter.php(934): App\Controllers\Libros->buscar()
 7 SYSTEMPATH\CodeIgniter.php(499): CodeIgniter\CodeIgniter->runController(Object(App\Controllers\Libros))
 8 SYSTEMPATH\CodeIgniter.php(368): CodeIgniter\CodeIgniter->handleRequest(null, Object(Config\Cache), false)
 9 FCPATH\index.php(67): CodeIgniter\CodeIgniter->run()
10 SYSTEMPATH\Commands\Server\rewrite.php(47): require_once('FCPATH\\index.php')
CRITICAL - 2023-01-13 17:14:32 --> foreach() argument must be of type array|object, null given
in APPPATH\Views\libros\buscar.php on line 22.
 1 APPPATH\Views\libros\buscar.php(22): CodeIgniter\Debug\Exceptions->errorHandler(2, 'foreach() argument must be of type array|object, null given', 'APPPATH\\Views\\libros\\buscar.php', 22)
 2 SYSTEMPATH\View\View.php(213): include('APPPATH\\Views\\libros\\buscar.php')
 3 SYSTEMPATH\View\View.php(216): CodeIgniter\View\View->CodeIgniter\View\{closure}()
 4 SYSTEMPATH\Common.php(1177): CodeIgniter\View\View->render('libros/buscar', [], true)
 5 APPPATH\Controllers\Libros.php(125): view('libros/buscar', [...])
 6 SYSTEMPATH\CodeIgniter.php(934): App\Controllers\Libros->buscar()
 7 SYSTEMPATH\CodeIgniter.php(499): CodeIgniter\CodeIgniter->runController(Object(App\Controllers\Libros))
 8 SYSTEMPATH\CodeIgniter.php(368): CodeIgniter\CodeIgniter->handleRequest(null, Object(Config\Cache), false)
 9 FCPATH\index.php(67): CodeIgniter\CodeIgniter->run()
10 SYSTEMPATH\Commands\Server\rewrite.php(47): require_once('FCPATH\\index.php')
CRITICAL - 2023-01-13 17:15:28 --> Undefined variable $resul
in APPPATH\Views\libros\buscar.php on line 22.
 1 APPPATH\Views\libros\buscar.php(22): CodeIgniter\Debug\Exceptions->errorHandler(2, 'Undefined variable $resul', 'APPPATH\\Views\\libros\\buscar.php', 22)
 2 SYSTEMPATH\View\View.php(213): include('APPPATH\\Views\\libros\\buscar.php')
 3 SYSTEMPATH\View\View.php(216): CodeIgniter\View\View->CodeIgniter\View\{closure}()
 4 SYSTEMPATH\Common.php(1177): CodeIgniter\View\View->render('libros/buscar', [], true)
 5 APPPATH\Controllers\Libros.php(126): view('libros/buscar', [...])
 6 SYSTEMPATH\CodeIgniter.php(934): App\Controllers\Libros->buscar()
 7 SYSTEMPATH\CodeIgniter.php(499): CodeIgniter\CodeIgniter->runController(Object(App\Controllers\Libros))
 8 SYSTEMPATH\CodeIgniter.php(368): CodeIgniter\CodeIgniter->handleRequest(null, Object(Config\Cache), false)
 9 FCPATH\index.php(67): CodeIgniter\CodeIgniter->run()
10 SYSTEMPATH\Commands\Server\rewrite.php(47): require_once('FCPATH\\index.php')
CRITICAL - 2023-01-13 17:32:57 --> Array to string conversion
in APPPATH\Controllers\Libros.php on line 126.
 1 APPPATH\Controllers\Libros.php(126): CodeIgniter\Debug\Exceptions->errorHandler(2, 'Array to string conversion', 'APPPATH\\Controllers\\Libros.php', 126)
 2 SYSTEMPATH\CodeIgniter.php(934): App\Controllers\Libros->buscar()
 3 SYSTEMPATH\CodeIgniter.php(499): CodeIgniter\CodeIgniter->runController(Object(App\Controllers\Libros))
 4 SYSTEMPATH\CodeIgniter.php(368): CodeIgniter\CodeIgniter->handleRequest(null, Object(Config\Cache), false)
 5 FCPATH\index.php(67): CodeIgniter\CodeIgniter->run()
 6 SYSTEMPATH\Commands\Server\rewrite.php(47): require_once('FCPATH\\index.php')
CRITICAL - 2023-01-13 17:33:48 --> foreach() argument must be of type array|object, null given
in APPPATH\Views\libros\buscar.php on line 22.
 1 APPPATH\Views\libros\buscar.php(22): CodeIgniter\Debug\Exceptions->errorHandler(2, 'foreach() argument must be of type array|object, null given', 'APPPATH\\Views\\libros\\buscar.php', 22)
 2 SYSTEMPATH\View\View.php(213): include('APPPATH\\Views\\libros\\buscar.php')
 3 SYSTEMPATH\View\View.php(216): CodeIgniter\View\View->CodeIgniter\View\{closure}()
 4 SYSTEMPATH\Common.php(1177): CodeIgniter\View\View->render('libros/buscar', [], true)
 5 APPPATH\Controllers\Libros.php(129): view('libros/buscar', [...])
 6 SYSTEMPATH\CodeIgniter.php(934): App\Controllers\Libros->buscar()
 7 SYSTEMPATH\CodeIgniter.php(499): CodeIgniter\CodeIgniter->runController(Object(App\Controllers\Libros))
 8 SYSTEMPATH\CodeIgniter.php(368): CodeIgniter\CodeIgniter->handleRequest(null, Object(Config\Cache), false)
 9 FCPATH\index.php(67): CodeIgniter\CodeIgniter->run()
10 SYSTEMPATH\Commands\Server\rewrite.php(47): require_once('FCPATH\\index.php')
CRITICAL - 2023-01-13 17:34:09 --> foreach() argument must be of type array|object, null given
in APPPATH\Views\libros\buscar.php on line 22.
 1 APPPATH\Views\libros\buscar.php(22): CodeIgniter\Debug\Exceptions->errorHandler(2, 'foreach() argument must be of type array|object, null given', 'APPPATH\\Views\\libros\\buscar.php', 22)
 2 SYSTEMPATH\View\View.php(213): include('APPPATH\\Views\\libros\\buscar.php')
 3 SYSTEMPATH\View\View.php(216): CodeIgniter\View\View->CodeIgniter\View\{closure}()
 4 SYSTEMPATH\Common.php(1177): CodeIgniter\View\View->render('libros/buscar', [], true)
 5 APPPATH\Controllers\Libros.php(129): view('libros/buscar', [...])
 6 SYSTEMPATH\CodeIgniter.php(934): App\Controllers\Libros->buscar()
 7 SYSTEMPATH\CodeIgniter.php(499): CodeIgniter\CodeIgniter->runController(Object(App\Controllers\Libros))
 8 SYSTEMPATH\CodeIgniter.php(368): CodeIgniter\CodeIgniter->handleRequest(null, Object(Config\Cache), false)
 9 FCPATH\index.php(67): CodeIgniter\CodeIgniter->run()
10 SYSTEMPATH\Commands\Server\rewrite.php(47): require_once('FCPATH\\index.php')
CRITICAL - 2023-01-13 17:34:14 --> foreach() argument must be of type array|object, null given
in APPPATH\Views\libros\buscar.php on line 22.
 1 APPPATH\Views\libros\buscar.php(22): CodeIgniter\Debug\Exceptions->errorHandler(2, 'foreach() argument must be of type array|object, null given', 'APPPATH\\Views\\libros\\buscar.php', 22)
 2 SYSTEMPATH\View\View.php(213): include('APPPATH\\Views\\libros\\buscar.php')
 3 SYSTEMPATH\View\View.php(216): CodeIgniter\View\View->CodeIgniter\View\{closure}()
 4 SYSTEMPATH\Common.php(1177): CodeIgniter\View\View->render('libros/buscar', [], true)
 5 APPPATH\Controllers\Libros.php(129): view('libros/buscar', [...])
 6 SYSTEMPATH\CodeIgniter.php(934): App\Controllers\Libros->buscar()
 7 SYSTEMPATH\CodeIgniter.php(499): CodeIgniter\CodeIgniter->runController(Object(App\Controllers\Libros))
 8 SYSTEMPATH\CodeIgniter.php(368): CodeIgniter\CodeIgniter->handleRequest(null, Object(Config\Cache), false)
 9 FCPATH\index.php(67): CodeIgniter\CodeIgniter->run()
10 SYSTEMPATH\Commands\Server\rewrite.php(47): require_once('FCPATH\\index.php')
ERROR - 2023-01-13 17:36:57 --> mysqli_sql_exception: You have an error in your SQL syntax; check the manual that corresponds to your MariaDB server version for the right syntax to use near ')' at line 4 in C:\xampp\htdocs\codeigniter4\system\Database\MySQLi\Connection.php:295
Stack trace:
#0 C:\xampp\htdocs\codeigniter4\system\Database\MySQLi\Connection.php(295): mysqli->query('SELECT *\nFROM `...', 0)
#1 C:\xampp\htdocs\codeigniter4\system\Database\BaseConnection.php(691): CodeIgniter\Database\MySQLi\Connection->execute('SELECT *\nFROM `...')
#2 C:\xampp\htdocs\codeigniter4\system\Database\BaseConnection.php(605): CodeIgniter\Database\BaseConnection->simpleQuery('SELECT *\nFROM `...')
#3 C:\xampp\htdocs\codeigniter4\system\Database\BaseBuilder.php(1601): CodeIgniter\Database\BaseConnection->query('SELECT *\nFROM `...', Array, false)
#4 C:\xampp\htdocs\codeigniter4\system\Model.php(195): CodeIgniter\Database\BaseBuilder->get()
#5 C:\xampp\htdocs\codeigniter4\system\BaseModel.php(557): CodeIgniter\Model->doFind(false, Array)
#6 C:\xampp\htdocs\codeigniter4\app\Controllers\Libros.php(119): CodeIgniter\BaseModel->find(Array)
#7 C:\xampp\htdocs\codeigniter4\system\CodeIgniter.php(934): App\Controllers\Libros->buscar()
#8 C:\xampp\htdocs\codeigniter4\system\CodeIgniter.php(499): CodeIgniter\CodeIgniter->runController(Object(App\Controllers\Libros))
#9 C:\xampp\htdocs\codeigniter4\system\CodeIgniter.php(368): CodeIgniter\CodeIgniter->handleRequest(NULL, Object(Config\Cache), false)
#10 C:\xampp\htdocs\codeigniter4\public\index.php(67): CodeIgniter\CodeIgniter->run()
#11 C:\xampp\htdocs\codeigniter4\system\Commands\Server\rewrite.php(47): require_once('C:\\xampp\\htdocs...')
#12 {main}
CRITICAL - 2023-01-13 17:36:57 --> You have an error in your SQL syntax; check the manual that corresponds to your MariaDB server version for the right syntax to use near ')' at line 4
in SYSTEMPATH\Database\BaseConnection.php on line 645.
 1 SYSTEMPATH\Database\BaseBuilder.php(1601): CodeIgniter\Database\BaseConnection->query('SELECT *
FROM `libros`
WHERE `nombre` = :nombre:
AND `libros`.`id` IN :libros.id:', [...], false)
 2 SYSTEMPATH\Model.php(195): CodeIgniter\Database\BaseBuilder->get()
 3 SYSTEMPATH\BaseModel.php(557): CodeIgniter\Model->doFind(false, [])
 4 APPPATH\Controllers\Libros.php(119): CodeIgniter\BaseModel->find([])
 5 SYSTEMPATH\CodeIgniter.php(934): App\Controllers\Libros->buscar()
 6 SYSTEMPATH\CodeIgniter.php(499): CodeIgniter\CodeIgniter->runController(Object(App\Controllers\Libros))
 7 SYSTEMPATH\CodeIgniter.php(368): CodeIgniter\CodeIgniter->handleRequest(null, Object(Config\Cache), false)
 8 FCPATH\index.php(67): CodeIgniter\CodeIgniter->run()
 9 SYSTEMPATH\Commands\Server\rewrite.php(47): require_once('FCPATH\\index.php')
CRITICAL - 2023-01-13 17:51:48 --> Undefined array key "autor"
in APPPATH\Views\libros\buscar.php on line 5.
 1 APPPATH\Views\libros\buscar.php(5): CodeIgniter\Debug\Exceptions->errorHandler(2, 'Undefined array key "autor"', 'APPPATH\\Views\\libros\\buscar.php', 5)
 2 SYSTEMPATH\View\View.php(213): include('APPPATH\\Views\\libros\\buscar.php')
 3 SYSTEMPATH\View\View.php(216): CodeIgniter\View\View->CodeIgniter\View\{closure}()
 4 SYSTEMPATH\Common.php(1177): CodeIgniter\View\View->render('libros/buscar', [], true)
 5 APPPATH\Controllers\Libros.php(127): view('libros/buscar', [...])
 6 SYSTEMPATH\CodeIgniter.php(934): App\Controllers\Libros->buscar()
 7 SYSTEMPATH\CodeIgniter.php(499): CodeIgniter\CodeIgniter->runController(Object(App\Controllers\Libros))
 8 SYSTEMPATH\CodeIgniter.php(368): CodeIgniter\CodeIgniter->handleRequest(null, Object(Config\Cache), false)
 9 FCPATH\index.php(67): CodeIgniter\CodeIgniter->run()
10 SYSTEMPATH\Commands\Server\rewrite.php(47): require_once('FCPATH\\index.php')
CRITICAL - 2023-01-13 17:53:47 --> Undefined array key "autor"
in APPPATH\Views\libros\buscar.php on line 5.
 1 APPPATH\Views\libros\buscar.php(5): CodeIgniter\Debug\Exceptions->errorHandler(2, 'Undefined array key "autor"', 'APPPATH\\Views\\libros\\buscar.php', 5)
 2 SYSTEMPATH\View\View.php(213): include('APPPATH\\Views\\libros\\buscar.php')
 3 SYSTEMPATH\View\View.php(216): CodeIgniter\View\View->CodeIgniter\View\{closure}()
 4 SYSTEMPATH\Common.php(1177): CodeIgniter\View\View->render('libros/buscar', [], true)
 5 APPPATH\Controllers\Libros.php(127): view('libros/buscar', [...])
 6 SYSTEMPATH\CodeIgniter.php(934): App\Controllers\Libros->buscar()
 7 SYSTEMPATH\CodeIgniter.php(499): CodeIgniter\CodeIgniter->runController(Object(App\Controllers\Libros))
 8 SYSTEMPATH\CodeIgniter.php(368): CodeIgniter\CodeIgniter->handleRequest(null, Object(Config\Cache), false)
 9 FCPATH\index.php(67): CodeIgniter\CodeIgniter->run()
10 SYSTEMPATH\Commands\Server\rewrite.php(47): require_once('FCPATH\\index.php')
CRITICAL - 2023-01-13 18:24:14 --> Call to undefined method App\Models\LibroModel::buscar
in SYSTEMPATH\Model.php on line 840.
 1 APPPATH\Controllers\Libros.php(119): CodeIgniter\Model->__call('buscar', [...])
 2 SYSTEMPATH\CodeIgniter.php(934): App\Controllers\Libros->buscar()
 3 SYSTEMPATH\CodeIgniter.php(499): CodeIgniter\CodeIgniter->runController(Object(App\Controllers\Libros))
 4 SYSTEMPATH\CodeIgniter.php(368): CodeIgniter\CodeIgniter->handleRequest(null, Object(Config\Cache), false)
 5 FCPATH\index.php(67): CodeIgniter\CodeIgniter->run()
 6 SYSTEMPATH\Commands\Server\rewrite.php(47): require_once('FCPATH\\index.php')
CRITICAL - 2023-01-13 18:24:32 --> Call to undefined method App\Models\LibroModel::buscar
in SYSTEMPATH\Model.php on line 840.
 1 APPPATH\Controllers\Libros.php(119): CodeIgniter\Model->__call('buscar', [...])
 2 SYSTEMPATH\CodeIgniter.php(934): App\Controllers\Libros->buscar()
 3 SYSTEMPATH\CodeIgniter.php(499): CodeIgniter\CodeIgniter->runController(Object(App\Controllers\Libros))
 4 SYSTEMPATH\CodeIgniter.php(368): CodeIgniter\CodeIgniter->handleRequest(null, Object(Config\Cache), false)
 5 FCPATH\index.php(67): CodeIgniter\CodeIgniter->run()
 6 SYSTEMPATH\Commands\Server\rewrite.php(47): require_once('FCPATH\\index.php')
CRITICAL - 2023-01-13 18:24:43 --> Call to undefined method App\Models\LibroModel::buscar
in SYSTEMPATH\Model.php on line 840.
 1 APPPATH\Controllers\Libros.php(119): CodeIgniter\Model->__call('buscar', [...])
 2 SYSTEMPATH\CodeIgniter.php(934): App\Controllers\Libros->buscar()
 3 SYSTEMPATH\CodeIgniter.php(499): CodeIgniter\CodeIgniter->runController(Object(App\Controllers\Libros))
 4 SYSTEMPATH\CodeIgniter.php(368): CodeIgniter\CodeIgniter->handleRequest(null, Object(Config\Cache), false)
 5 FCPATH\index.php(67): CodeIgniter\CodeIgniter->run()
 6 SYSTEMPATH\Commands\Server\rewrite.php(47): require_once('FCPATH\\index.php')
CRITICAL - 2023-01-13 18:24:57 --> Call to undefined method App\Models\LibroModel::buscar
in SYSTEMPATH\Model.php on line 840.
 1 APPPATH\Controllers\Libros.php(119): CodeIgniter\Model->__call('buscar', [...])
 2 SYSTEMPATH\CodeIgniter.php(934): App\Controllers\Libros->buscar()
 3 SYSTEMPATH\CodeIgniter.php(499): CodeIgniter\CodeIgniter->runController(Object(App\Controllers\Libros))
 4 SYSTEMPATH\CodeIgniter.php(368): CodeIgniter\CodeIgniter->handleRequest(null, Object(Config\Cache), false)
 5 FCPATH\index.php(67): CodeIgniter\CodeIgniter->run()
 6 SYSTEMPATH\Commands\Server\rewrite.php(47): require_once('FCPATH\\index.php')
CRITICAL - 2023-01-13 18:24:59 --> Call to undefined method App\Models\LibroModel::buscar
in SYSTEMPATH\Model.php on line 840.
 1 APPPATH\Controllers\Libros.php(119): CodeIgniter\Model->__call('buscar', [...])
 2 SYSTEMPATH\CodeIgniter.php(934): App\Controllers\Libros->buscar()
 3 SYSTEMPATH\CodeIgniter.php(499): CodeIgniter\CodeIgniter->runController(Object(App\Controllers\Libros))
 4 SYSTEMPATH\CodeIgniter.php(368): CodeIgniter\CodeIgniter->handleRequest(null, Object(Config\Cache), false)
 5 FCPATH\index.php(67): CodeIgniter\CodeIgniter->run()
 6 SYSTEMPATH\Commands\Server\rewrite.php(47): require_once('FCPATH\\index.php')
CRITICAL - 2023-01-13 18:25:04 --> Call to undefined method App\Models\LibroModel::buscar
in SYSTEMPATH\Model.php on line 840.
 1 APPPATH\Controllers\Libros.php(119): CodeIgniter\Model->__call('buscar', [...])
 2 SYSTEMPATH\CodeIgniter.php(934): App\Controllers\Libros->buscar()
 3 SYSTEMPATH\CodeIgniter.php(499): CodeIgniter\CodeIgniter->runController(Object(App\Controllers\Libros))
 4 SYSTEMPATH\CodeIgniter.php(368): CodeIgniter\CodeIgniter->handleRequest(null, Object(Config\Cache), false)
 5 FCPATH\index.php(67): CodeIgniter\CodeIgniter->run()
 6 SYSTEMPATH\Commands\Server\rewrite.php(47): require_once('FCPATH\\index.php')
CRITICAL - 2023-01-13 18:25:04 --> Call to undefined method App\Models\LibroModel::buscar
in SYSTEMPATH\Model.php on line 840.
 1 APPPATH\Controllers\Libros.php(119): CodeIgniter\Model->__call('buscar', [...])
 2 SYSTEMPATH\CodeIgniter.php(934): App\Controllers\Libros->buscar()
 3 SYSTEMPATH\CodeIgniter.php(499): CodeIgniter\CodeIgniter->runController(Object(App\Controllers\Libros))
 4 SYSTEMPATH\CodeIgniter.php(368): CodeIgniter\CodeIgniter->handleRequest(null, Object(Config\Cache), false)
 5 FCPATH\index.php(67): CodeIgniter\CodeIgniter->run()
 6 SYSTEMPATH\Commands\Server\rewrite.php(47): require_once('FCPATH\\index.php')
CRITICAL - 2023-01-13 18:25:05 --> Call to undefined method App\Models\LibroModel::buscar
in SYSTEMPATH\Model.php on line 840.
 1 APPPATH\Controllers\Libros.php(119): CodeIgniter\Model->__call('buscar', [...])
 2 SYSTEMPATH\CodeIgniter.php(934): App\Controllers\Libros->buscar()
 3 SYSTEMPATH\CodeIgniter.php(499): CodeIgniter\CodeIgniter->runController(Object(App\Controllers\Libros))
 4 SYSTEMPATH\CodeIgniter.php(368): CodeIgniter\CodeIgniter->handleRequest(null, Object(Config\Cache), false)
 5 FCPATH\index.php(67): CodeIgniter\CodeIgniter->run()
 6 SYSTEMPATH\Commands\Server\rewrite.php(47): require_once('FCPATH\\index.php')
CRITICAL - 2023-01-13 19:06:55 --> Invalid file: "libros/buscar.php"
in SYSTEMPATH\Exceptions\FrameworkException.php on line 33.
 1 SYSTEMPATH\View\View.php(201): CodeIgniter\Exceptions\FrameworkException::forInvalidFile('libros/buscar.php')
 2 SYSTEMPATH\Common.php(1177): CodeIgniter\View\View->render('libros/buscar', [], true)
 3 APPPATH\Controllers\Libros.php(124): view('libros/buscar', [...])
 4 SYSTEMPATH\CodeIgniter.php(934): App\Controllers\Libros->buscar_nombre()
 5 SYSTEMPATH\CodeIgniter.php(499): CodeIgniter\CodeIgniter->runController(Object(App\Controllers\Libros))
 6 SYSTEMPATH\CodeIgniter.php(368): CodeIgniter\CodeIgniter->handleRequest(null, Object(Config\Cache), false)
 7 FCPATH\index.php(67): CodeIgniter\CodeIgniter->run()
 8 SYSTEMPATH\Commands\Server\rewrite.php(47): require_once('FCPATH\\index.php')
CRITICAL - 2023-01-13 19:07:41 --> Invalid file: "libros/buscar.php"
in SYSTEMPATH\Exceptions\FrameworkException.php on line 33.
 1 SYSTEMPATH\View\View.php(201): CodeIgniter\Exceptions\FrameworkException::forInvalidFile('libros/buscar.php')
 2 SYSTEMPATH\Common.php(1177): CodeIgniter\View\View->render('libros/buscar', [], true)
 3 APPPATH\Controllers\Libros.php(124): view('libros/buscar', [...])
 4 SYSTEMPATH\CodeIgniter.php(934): App\Controllers\Libros->buscar_nombre()
 5 SYSTEMPATH\CodeIgniter.php(499): CodeIgniter\CodeIgniter->runController(Object(App\Controllers\Libros))
 6 SYSTEMPATH\CodeIgniter.php(368): CodeIgniter\CodeIgniter->handleRequest(null, Object(Config\Cache), false)
 7 FCPATH\index.php(67): CodeIgniter\CodeIgniter->run()
 8 SYSTEMPATH\Commands\Server\rewrite.php(47): require_once('FCPATH\\index.php')
INFO - 2023-01-13 20:00:18 --> Session: Class initialized using 'CodeIgniter\Session\Handlers\FileHandler' driver.
INFO - 2023-01-13 20:00:34 --> Session: Class initialized using 'CodeIgniter\Session\Handlers\FileHandler' driver.
INFO - 2023-01-13 20:00:34 --> Session: Class initialized using 'CodeIgniter\Session\Handlers\FileHandler' driver.
INFO - 2023-01-13 20:00:59 --> Session: Class initialized using 'CodeIgniter\Session\Handlers\FileHandler' driver.
INFO - 2023-01-13 20:01:22 --> Session: Class initialized using 'CodeIgniter\Session\Handlers\FileHandler' driver.
INFO - 2023-01-13 20:07:08 --> Session: Class initialized using 'CodeIgniter\Session\Handlers\FileHandler' driver.
INFO - 2023-01-13 20:07:55 --> Session: Class initialized using 'CodeIgniter\Session\Handlers\FileHandler' driver.
